* using log directory ‘/Users/estevaoprado/Documents/GitHub/ExtensionsBART/myBART.Rcheck’
* using R version 4.2.1 (2022-06-23)
* using platform: x86_64-apple-darwin17.0 (64-bit)
* using session charset: UTF-8
* using options ‘--no-manual --as-cran’
* checking for file ‘myBART/DESCRIPTION’ ... OK
* checking extension type ... Package
* this is package ‘myBART’ version ‘0.1.0’
* package encoding: UTF-8
* checking package namespace information ... OK
* checking package dependencies ... OK
* checking if this is a source package ... OK
* checking if there is a namespace ... OK
* checking for executable files ... OK
* checking for hidden files and directories ... OK
* checking for portable file names ... OK
* checking for sufficient/correct file permissions ... OK
* checking serialization versions ... OK
* checking whether package ‘myBART’ can be installed ... OK
* checking installed package size ... OK
* checking package directory ... OK
* checking for future file timestamps ... OK
* checking DESCRIPTION meta-information ... OK
* checking top-level files ... OK
* checking for left-over files ... OK
* checking index information ... OK
* checking package subdirectories ... OK
* checking R files for non-ASCII characters ... OK
* checking R files for syntax errors ... OK
* checking whether the package can be loaded ... OK
* checking whether the package can be loaded with stated dependencies ... OK
* checking whether the package can be unloaded cleanly ... OK
* checking whether the namespace can be loaded with stated dependencies ... OK
* checking whether the namespace can be unloaded cleanly ... OK
* checking loading without being on the library search path ... OK
* checking dependencies in R code ... OK
* checking S3 generic/method consistency ... OK
* checking replacement functions ... OK
* checking foreign function calls ... OK
* checking R code for possible problems ... OK
* checking for missing documentation entries ... WARNING
Undocumented code objects:
  ‘bart’ ‘change_tree’ ‘cl_bart’ ‘create_stump’
  ‘dbarts_get_predictions’ ‘dbarts_marginal_prediction’
  ‘dbarts_rebuild_tree’ ‘fill_tree_details’ ‘get_children’
  ‘get_number_distinct_cov’ ‘get_predictions’ ‘get_tree_prior’
  ‘grow_tree’ ‘marginal_predict_mybart’ ‘marginal_predict_mybart_class’
  ‘predict_mybart’ ‘predict_mybart_class’ ‘prune_tree’ ‘resample’
  ‘sample_move’ ‘simulate_mu’ ‘swap_tree’ ‘tree_full_conditional’
  ‘update_s’ ‘update_sigma2’ ‘update_tree’ ‘update_z’
All user-level objects in a package should have documentation entries.
See chapter ‘Writing R documentation files’ in the ‘Writing R
Extensions’ manual.
* checking examples ... NONE
* checking for non-standard things in the check directory ... OK
* checking for detritus in the temp directory ... OK
* DONE
Status: 1 WARNING
